# Logfile created on 2013-06-24 08:50:41 -0700 by logger.rb/31641
D, [2013-06-24T08:50:43.772825 #26603] DEBUG -- : Number 48 has 1 comments
D, [2013-06-24T08:50:43.775686 #26603] DEBUG -- : #<DateTime: 2013-06-14T02:40:29+00:00 ((2456458j,9629s,0n),+0s,2299161j)>
D, [2013-06-24T08:50:43.775924 #26603] DEBUG -- : #<DateTime: 2013-06-19T20:07:26+00:00 ((2456463j,72446s,0n),+0s,2299161j)>
D, [2013-06-24T08:50:43.777757 #26603] DEBUG -- : (-164939/28800)
D, [2013-06-24T08:50:44.302946 #26603] DEBUG -- : Number 47 has 1 comments
D, [2013-06-24T08:50:44.303268 #26603] DEBUG -- : #<DateTime: 2013-06-13T08:21:01+00:00 ((2456457j,30061s,0n),+0s,2299161j)>
D, [2013-06-24T08:50:44.303492 #26603] DEBUG -- : #<DateTime: 2013-06-13T08:21:01+00:00 ((2456457j,30061s,0n),+0s,2299161j)>
D, [2013-06-24T08:50:44.303616 #26603] DEBUG -- : (0/1)
D, [2013-06-24T08:50:44.677219 #26603] DEBUG -- : Number 22 has 1 comments
D, [2013-06-24T08:50:44.677710 #26603] DEBUG -- : #<DateTime: 2013-06-08T13:04:39+00:00 ((2456452j,47079s,0n),+0s,2299161j)>
D, [2013-06-24T08:50:44.678007 #26603] DEBUG -- : #<DateTime: 2013-06-08T13:04:39+00:00 ((2456452j,47079s,0n),+0s,2299161j)>
D, [2013-06-24T08:50:44.678147 #26603] DEBUG -- : (0/1)
D, [2013-06-24T08:50:45.072414 #26603] DEBUG -- : Number 35 has 3 comments
D, [2013-06-24T08:50:45.072658 #26603] DEBUG -- : #<DateTime: 2013-05-28T12:23:48+00:00 ((2456441j,44628s,0n),+0s,2299161j)>
D, [2013-06-24T08:50:45.072815 #26603] DEBUG -- : #<DateTime: 2013-05-30T00:28:52+00:00 ((2456443j,1732s,0n),+0s,2299161j)>
D, [2013-06-24T08:50:45.072906 #26603] DEBUG -- : (-8119/5400)
D, [2013-06-24T08:50:45.073036 #26603] DEBUG -- : #<DateTime: 2013-05-29T01:36:18+00:00 ((2456442j,5778s,0n),+0s,2299161j)>
D, [2013-06-24T08:50:45.073173 #26603] DEBUG -- : #<DateTime: 2013-05-30T00:28:52+00:00 ((2456443j,1732s,0n),+0s,2299161j)>
D, [2013-06-24T08:50:45.073249 #26603] DEBUG -- : (-41177/43200)
D, [2013-06-24T08:50:45.073371 #26603] DEBUG -- : #<DateTime: 2013-05-30T00:28:52+00:00 ((2456443j,1732s,0n),+0s,2299161j)>
D, [2013-06-24T08:50:45.073502 #26603] DEBUG -- : #<DateTime: 2013-05-30T00:28:52+00:00 ((2456443j,1732s,0n),+0s,2299161j)>
D, [2013-06-24T08:50:45.073564 #26603] DEBUG -- : (0/1)
D, [2013-06-24T08:50:45.435159 #26603] DEBUG -- : Number 36 has 1 comments
D, [2013-06-24T08:50:45.435525 #26603] DEBUG -- : #<DateTime: 2013-05-29T16:49:53+00:00 ((2456442j,60593s,0n),+0s,2299161j)>
D, [2013-06-24T08:50:45.435694 #26603] DEBUG -- : #<DateTime: 2013-05-29T16:49:53+00:00 ((2456442j,60593s,0n),+0s,2299161j)>
D, [2013-06-24T08:50:45.435778 #26603] DEBUG -- : (0/1)
D, [2013-06-24T08:50:45.939761 #26603] DEBUG -- : Number 42 has 4 comments
D, [2013-06-24T08:50:45.940193 #26603] DEBUG -- : #<DateTime: 2013-05-27T01:30:10+00:00 ((2456440j,5410s,0n),+0s,2299161j)>
D, [2013-06-24T08:50:45.940471 #26603] DEBUG -- : #<DateTime: 2013-05-29T13:36:33+00:00 ((2456442j,48993s,0n),+0s,2299161j)>
D, [2013-06-24T08:50:45.940614 #26603] DEBUG -- : (-216383/86400)
D, [2013-06-24T08:50:45.940849 #26603] DEBUG -- : #<DateTime: 2013-05-28T12:08:48+00:00 ((2456441j,43728s,0n),+0s,2299161j)>
D, [2013-06-24T08:50:45.941077 #26603] DEBUG -- : #<DateTime: 2013-05-29T13:36:33+00:00 ((2456442j,48993s,0n),+0s,2299161j)>
D, [2013-06-24T08:50:45.941209 #26603] DEBUG -- : (-679/640)
D, [2013-06-24T08:50:45.941413 #26603] DEBUG -- : #<DateTime: 2013-05-29T01:26:26+00:00 ((2456442j,5186s,0n),+0s,2299161j)>
D, [2013-06-24T08:50:45.941640 #26603] DEBUG -- : #<DateTime: 2013-05-29T13:36:33+00:00 ((2456442j,48993s,0n),+0s,2299161j)>
D, [2013-06-24T08:50:45.941762 #26603] DEBUG -- : (-43807/86400)
D, [2013-06-24T08:50:45.941981 #26603] DEBUG -- : #<DateTime: 2013-05-29T13:36:33+00:00 ((2456442j,48993s,0n),+0s,2299161j)>
D, [2013-06-24T08:50:45.942200 #26603] DEBUG -- : #<DateTime: 2013-05-29T13:36:33+00:00 ((2456442j,48993s,0n),+0s,2299161j)>
D, [2013-06-24T08:50:45.942323 #26603] DEBUG -- : (0/1)
D, [2013-06-24T08:50:46.304491 #26603] DEBUG -- : Number 32 has 1 comments
D, [2013-06-24T08:50:46.304719 #26603] DEBUG -- : #<DateTime: 2013-05-28T12:34:19+00:00 ((2456441j,45259s,0n),+0s,2299161j)>
D, [2013-06-24T08:50:46.304893 #26603] DEBUG -- : #<DateTime: 2013-05-28T12:34:19+00:00 ((2456441j,45259s,0n),+0s,2299161j)>
D, [2013-06-24T08:50:46.304983 #26603] DEBUG -- : (0/1)
D, [2013-06-24T08:50:46.670053 #26603] DEBUG -- : Number 44 has 1 comments
D, [2013-06-24T08:50:46.670517 #26603] DEBUG -- : #<DateTime: 2013-05-27T01:37:12+00:00 ((2456440j,5832s,0n),+0s,2299161j)>
D, [2013-06-24T08:50:46.671035 #26603] DEBUG -- : #<DateTime: 2013-05-28T12:25:40+00:00 ((2456441j,44740s,0n),+0s,2299161j)>
D, [2013-06-24T08:50:46.671273 #26603] DEBUG -- : (-31327/21600)
D, [2013-06-24T08:50:47.044377 #26603] DEBUG -- : Number 34 has 1 comments
D, [2013-06-24T08:50:47.044656 #26603] DEBUG -- : #<DateTime: 2013-05-28T12:21:54+00:00 ((2456441j,44514s,0n),+0s,2299161j)>
D, [2013-06-24T08:50:47.044823 #26603] DEBUG -- : #<DateTime: 2013-05-28T12:21:54+00:00 ((2456441j,44514s,0n),+0s,2299161j)>
D, [2013-06-24T08:50:47.044908 #26603] DEBUG -- : (0/1)
D, [2013-06-24T08:50:47.415582 #26603] DEBUG -- : Number 45 has 1 comments
D, [2013-06-24T08:50:47.415845 #26603] DEBUG -- : #<DateTime: 2013-05-28T07:27:05+00:00 ((2456441j,26825s,0n),+0s,2299161j)>
D, [2013-06-24T08:50:47.416057 #26603] DEBUG -- : #<DateTime: 2013-05-28T07:27:05+00:00 ((2456441j,26825s,0n),+0s,2299161j)>
D, [2013-06-24T08:50:47.416158 #26603] DEBUG -- : (0/1)
D, [2013-06-24T08:50:47.795255 #26603] DEBUG -- : Number 46 has 2 comments
D, [2013-06-24T08:50:47.795496 #26603] DEBUG -- : #<DateTime: 2013-05-28T06:27:02+00:00 ((2456441j,23222s,0n),+0s,2299161j)>
D, [2013-06-24T08:50:47.795650 #26603] DEBUG -- : #<DateTime: 2013-05-28T06:41:18+00:00 ((2456441j,24078s,0n),+0s,2299161j)>
D, [2013-06-24T08:50:47.795739 #26603] DEBUG -- : (-107/10800)
D, [2013-06-24T08:50:47.795867 #26603] DEBUG -- : #<DateTime: 2013-05-28T06:41:18+00:00 ((2456441j,24078s,0n),+0s,2299161j)>
D, [2013-06-24T08:50:47.796008 #26603] DEBUG -- : #<DateTime: 2013-05-28T06:41:18+00:00 ((2456441j,24078s,0n),+0s,2299161j)>
D, [2013-06-24T08:50:47.796090 #26603] DEBUG -- : (0/1)
D, [2013-06-24T08:57:39.693504 #26603] DEBUG -- : Number 47 has 2 comments
D, [2013-06-24T08:57:39.693913 #26603] DEBUG -- : #<DateTime: 2013-06-13T08:21:01+00:00 ((2456457j,30061s,0n),+0s,2299161j)>
D, [2013-06-24T08:57:39.694183 #26603] DEBUG -- : #<DateTime: 2013-06-24T15:57:24+00:00 ((2456468j,57444s,0n),+0s,2299161j)>
D, [2013-06-24T08:57:39.694323 #26603] DEBUG -- : (-977783/86400)
D, [2013-06-24T08:57:39.694553 #26603] DEBUG -- : #<DateTime: 2013-06-24T15:57:24+00:00 ((2456468j,57444s,0n),+0s,2299161j)>
D, [2013-06-24T08:57:39.694780 #26603] DEBUG -- : #<DateTime: 2013-06-24T15:57:24+00:00 ((2456468j,57444s,0n),+0s,2299161j)>
D, [2013-06-24T08:57:39.694901 #26603] DEBUG -- : (0/1)
D, [2013-06-24T08:57:40.068706 #26603] DEBUG -- : Number 48 has 1 comments
D, [2013-06-24T08:57:40.069053 #26603] DEBUG -- : #<DateTime: 2013-06-14T02:40:29+00:00 ((2456458j,9629s,0n),+0s,2299161j)>
D, [2013-06-24T08:57:40.069302 #26603] DEBUG -- : #<DateTime: 2013-06-19T20:07:26+00:00 ((2456463j,72446s,0n),+0s,2299161j)>
D, [2013-06-24T08:57:40.069433 #26603] DEBUG -- : (-164939/28800)
D, [2013-06-24T08:57:40.436590 #26603] DEBUG -- : Number 22 has 1 comments
D, [2013-06-24T08:57:40.436853 #26603] DEBUG -- : #<DateTime: 2013-06-08T13:04:39+00:00 ((2456452j,47079s,0n),+0s,2299161j)>
D, [2013-06-24T08:57:40.437010 #26603] DEBUG -- : #<DateTime: 2013-06-08T13:04:39+00:00 ((2456452j,47079s,0n),+0s,2299161j)>
D, [2013-06-24T08:57:40.437091 #26603] DEBUG -- : (0/1)
D, [2013-06-24T08:57:40.831159 #26603] DEBUG -- : Number 35 has 3 comments
D, [2013-06-24T08:57:40.831485 #26603] DEBUG -- : #<DateTime: 2013-05-28T12:23:48+00:00 ((2456441j,44628s,0n),+0s,2299161j)>
D, [2013-06-24T08:57:40.831726 #26603] DEBUG -- : #<DateTime: 2013-05-30T00:28:52+00:00 ((2456443j,1732s,0n),+0s,2299161j)>
D, [2013-06-24T08:57:40.831855 #26603] DEBUG -- : (-8119/5400)
D, [2013-06-24T08:57:40.832064 #26603] DEBUG -- : #<DateTime: 2013-05-29T01:36:18+00:00 ((2456442j,5778s,0n),+0s,2299161j)>
D, [2013-06-24T08:57:40.832272 #26603] DEBUG -- : #<DateTime: 2013-05-30T00:28:52+00:00 ((2456443j,1732s,0n),+0s,2299161j)>
D, [2013-06-24T08:57:40.832429 #26603] DEBUG -- : (-41177/43200)
D, [2013-06-24T08:57:40.832549 #26603] DEBUG -- : #<DateTime: 2013-05-30T00:28:52+00:00 ((2456443j,1732s,0n),+0s,2299161j)>
D, [2013-06-24T08:57:40.832725 #26603] DEBUG -- : #<DateTime: 2013-05-30T00:28:52+00:00 ((2456443j,1732s,0n),+0s,2299161j)>
D, [2013-06-24T08:57:40.832829 #26603] DEBUG -- : (0/1)
D, [2013-06-24T08:57:41.234811 #26603] DEBUG -- : Number 36 has 1 comments
D, [2013-06-24T08:57:41.235267 #26603] DEBUG -- : #<DateTime: 2013-05-29T16:49:53+00:00 ((2456442j,60593s,0n),+0s,2299161j)>
D, [2013-06-24T08:57:41.235633 #26603] DEBUG -- : #<DateTime: 2013-05-29T16:49:53+00:00 ((2456442j,60593s,0n),+0s,2299161j)>
D, [2013-06-24T08:57:41.235776 #26603] DEBUG -- : (0/1)
D, [2013-06-24T08:57:41.745014 #26603] DEBUG -- : Number 42 has 4 comments
D, [2013-06-24T08:57:41.745258 #26603] DEBUG -- : #<DateTime: 2013-05-27T01:30:10+00:00 ((2456440j,5410s,0n),+0s,2299161j)>
D, [2013-06-24T08:57:41.745417 #26603] DEBUG -- : #<DateTime: 2013-05-29T13:36:33+00:00 ((2456442j,48993s,0n),+0s,2299161j)>
D, [2013-06-24T08:57:41.745503 #26603] DEBUG -- : (-216383/86400)
D, [2013-06-24T08:57:41.745633 #26603] DEBUG -- : #<DateTime: 2013-05-28T12:08:48+00:00 ((2456441j,43728s,0n),+0s,2299161j)>
D, [2013-06-24T08:57:41.745771 #26603] DEBUG -- : #<DateTime: 2013-05-29T13:36:33+00:00 ((2456442j,48993s,0n),+0s,2299161j)>
D, [2013-06-24T08:57:41.745833 #26603] DEBUG -- : (-679/640)
D, [2013-06-24T08:57:41.745948 #26603] DEBUG -- : #<DateTime: 2013-05-29T01:26:26+00:00 ((2456442j,5186s,0n),+0s,2299161j)>
D, [2013-06-24T08:57:41.746065 #26603] DEBUG -- : #<DateTime: 2013-05-29T13:36:33+00:00 ((2456442j,48993s,0n),+0s,2299161j)>
D, [2013-06-24T08:57:41.746136 #26603] DEBUG -- : (-43807/86400)
D, [2013-06-24T08:57:41.746264 #26603] DEBUG -- : #<DateTime: 2013-05-29T13:36:33+00:00 ((2456442j,48993s,0n),+0s,2299161j)>
D, [2013-06-24T08:57:41.746392 #26603] DEBUG -- : #<DateTime: 2013-05-29T13:36:33+00:00 ((2456442j,48993s,0n),+0s,2299161j)>
D, [2013-06-24T08:57:41.746449 #26603] DEBUG -- : (0/1)
D, [2013-06-24T08:57:42.109443 #26603] DEBUG -- : Number 32 has 1 comments
D, [2013-06-24T08:57:42.109824 #26603] DEBUG -- : #<DateTime: 2013-05-28T12:34:19+00:00 ((2456441j,45259s,0n),+0s,2299161j)>
D, [2013-06-24T08:57:42.110107 #26603] DEBUG -- : #<DateTime: 2013-05-28T12:34:19+00:00 ((2456441j,45259s,0n),+0s,2299161j)>
D, [2013-06-24T08:57:42.110203 #26603] DEBUG -- : (0/1)
D, [2013-06-24T08:57:42.476476 #26603] DEBUG -- : Number 44 has 1 comments
D, [2013-06-24T08:57:42.476724 #26603] DEBUG -- : #<DateTime: 2013-05-27T01:37:12+00:00 ((2456440j,5832s,0n),+0s,2299161j)>
D, [2013-06-24T08:57:42.476889 #26603] DEBUG -- : #<DateTime: 2013-05-28T12:25:40+00:00 ((2456441j,44740s,0n),+0s,2299161j)>
D, [2013-06-24T08:57:42.476990 #26603] DEBUG -- : (-31327/21600)
D, [2013-06-24T08:57:42.860702 #26603] DEBUG -- : Number 34 has 1 comments
D, [2013-06-24T08:57:42.860938 #26603] DEBUG -- : #<DateTime: 2013-05-28T12:21:54+00:00 ((2456441j,44514s,0n),+0s,2299161j)>
D, [2013-06-24T08:57:42.861108 #26603] DEBUG -- : #<DateTime: 2013-05-28T12:21:54+00:00 ((2456441j,44514s,0n),+0s,2299161j)>
D, [2013-06-24T08:57:42.861182 #26603] DEBUG -- : (0/1)
D, [2013-06-24T08:57:43.219629 #26603] DEBUG -- : Number 45 has 1 comments
D, [2013-06-24T08:57:43.219991 #26603] DEBUG -- : #<DateTime: 2013-05-28T07:27:05+00:00 ((2456441j,26825s,0n),+0s,2299161j)>
D, [2013-06-24T08:57:43.220261 #26603] DEBUG -- : #<DateTime: 2013-05-28T07:27:05+00:00 ((2456441j,26825s,0n),+0s,2299161j)>
D, [2013-06-24T08:57:43.220400 #26603] DEBUG -- : (0/1)
D, [2013-06-24T08:57:43.587928 #26603] DEBUG -- : Number 46 has 2 comments
D, [2013-06-24T08:57:43.588173 #26603] DEBUG -- : #<DateTime: 2013-05-28T06:27:02+00:00 ((2456441j,23222s,0n),+0s,2299161j)>
D, [2013-06-24T08:57:43.588356 #26603] DEBUG -- : #<DateTime: 2013-05-28T06:41:18+00:00 ((2456441j,24078s,0n),+0s,2299161j)>
D, [2013-06-24T08:57:43.588457 #26603] DEBUG -- : (-107/10800)
D, [2013-06-24T08:57:43.588588 #26603] DEBUG -- : #<DateTime: 2013-05-28T06:41:18+00:00 ((2456441j,24078s,0n),+0s,2299161j)>
D, [2013-06-24T08:57:43.588743 #26603] DEBUG -- : #<DateTime: 2013-05-28T06:41:18+00:00 ((2456441j,24078s,0n),+0s,2299161j)>
D, [2013-06-24T08:57:43.588820 #26603] DEBUG -- : (0/1)
